2021-01-22T19:08:37.093Z 	 info: Azurite Blob service is starting on 0.0.0.0:10000
2021-01-22T19:08:37.094Z 	 info: AccountDataStore:init() Refresh accounts from environment variable AZURITE_ACCOUNTS with value undefined
2021-01-22T19:08:37.094Z 	 info: AccountDataStore:init() Fallback to default emulator account devstoreaccount1.
2021-01-22T19:08:37.104Z 	 info: BlobGCManager:start() Starting BlobGCManager. Set status to Initializing.
2021-01-22T19:08:37.104Z 	 info: BlobGCManager:start() Trigger mark and sweep loop. Set status to Running.
2021-01-22T19:08:37.104Z 	 info: BlobGCManager:markSweepLoop() Start next mark and sweep.
2021-01-22T19:08:37.104Z 	 info: BlobGCManager:markSweep() Get all extents.
2021-01-22T19:08:37.105Z 	 info: BlobGCManager:start() BlobGCManager successfully started.
2021-01-22T19:08:37.107Z 	 info: BlobGCManager:markSweep() Got 0 extents.
2021-01-22T19:08:37.107Z 	 info: BlobGCManager:markSweep() Get referred extents.
2021-01-22T19:08:37.108Z 	 info: BlobGCManager:markSweep() Got referred extents, unreferenced extents count is 0.
2021-01-22T19:08:37.108Z 	 info: BlobGCManager:markSweepLoop() Mark and sweep finished, taken 4ms.
2021-01-22T19:08:37.109Z 	 info: BlobGCManager:markSweepLoop() Sleep for 600000ms.
2021-01-22T19:08:37.110Z 	 info: Azurite Blob service successfully listens on http://0.0.0.0:10000
2021-01-22T19:08:37.321Z 4e29c50a-8ee2-4c7e-ba6b-34bda7160db5 info: BlobStorageContextMiddleware: RequestMethod=HEAD RequestURL=http://azurite/devstoreaccount1/container?restype=container RequestHeaders:{"x-ms-client-request-id":"3b0c7370-5ce5-11eb-984b-6346a216de83","user-agent":"Azure-Storage/2.10.3 (NODE-VERSION v14.15.4; Linux 4.19.121-linuxkit)","x-ms-version":"2018-03-28","x-ms-date":"Fri, 22 Jan 2021 19:08:37 GMT","accept":"application/atom+xml,application/xml","accept-charset":"UTF-8","content-type":"","content-length":"0","authorization":"SharedKey devstoreaccount1:/IFNsUzF1WbDPH/6tCo1Kbt6J1sTYePsTKJsAUq+kno=","host":"azurite:10000","connection":"keep-alive"} ClientIP=172.19.0.3 Protocol=http HTTPVersion=1.1
2021-01-22T19:08:37.321Z 4e29c50a-8ee2-4c7e-ba6b-34bda7160db5 info: BlobStorageContextMiddleware: Account=devstoreaccount1 Container=container Blob=
2021-01-22T19:08:37.321Z 4e29c50a-8ee2-4c7e-ba6b-34bda7160db5 verbose: DispatchMiddleware: Dispatching request...
2021-01-22T19:08:37.322Z 4e29c50a-8ee2-4c7e-ba6b-34bda7160db5 info: DispatchMiddleware: Operation=Container_GetPropertiesWithHead
2021-01-22T19:08:37.323Z 4e29c50a-8ee2-4c7e-ba6b-34bda7160db5 verbose: AuthenticationMiddlewareFactory:createAuthenticationMiddleware() Validating authentications.
2021-01-22T19:08:37.323Z 4e29c50a-8ee2-4c7e-ba6b-34bda7160db5 info: PublicAccessAuthenticator:validate() Start validation against public access.
2021-01-22T19:08:37.323Z 4e29c50a-8ee2-4c7e-ba6b-34bda7160db5 debug: PublicAccessAuthenticator:validate() Getting account properties...
2021-01-22T19:08:37.323Z 4e29c50a-8ee2-4c7e-ba6b-34bda7160db5 debug: PublicAccessAuthenticator:validate() Retrieved account name from context: devstoreaccount1, container: container, blob: 
2021-01-22T19:08:37.326Z 4e29c50a-8ee2-4c7e-ba6b-34bda7160db5 debug: PublicAccessAuthenticator:validate() Skip public access authentication. Cannot get public access type for container container
2021-01-22T19:08:37.326Z 4e29c50a-8ee2-4c7e-ba6b-34bda7160db5 info: BlobSharedKeyAuthenticator:validate() Start validation against account shared key authentication.
2021-01-22T19:08:37.327Z 4e29c50a-8ee2-4c7e-ba6b-34bda7160db5 info: BlobSharedKeyAuthenticator:validate() [STRING TO SIGN]:"HEAD\n\n\n\n\n\n\n\n\n\n\n\nx-ms-client-request-id:3b0c7370-5ce5-11eb-984b-6346a216de83\nx-ms-date:Fri, 22 Jan 2021 19:08:37 GMT\nx-ms-version:2018-03-28\n/devstoreaccount1/devstoreaccount1/container\nrestype:container"
2021-01-22T19:08:37.328Z 4e29c50a-8ee2-4c7e-ba6b-34bda7160db5 info: BlobSharedKeyAuthenticator:validate() Calculated authentication header based on key1: SharedKey devstoreaccount1:/IFNsUzF1WbDPH/6tCo1Kbt6J1sTYePsTKJsAUq+kno=
2021-01-22T19:08:37.328Z 4e29c50a-8ee2-4c7e-ba6b-34bda7160db5 info: BlobSharedKeyAuthenticator:validate() Signature 1 matched.
2021-01-22T19:08:37.328Z 4e29c50a-8ee2-4c7e-ba6b-34bda7160db5 verbose: DeserializerMiddleware: Start deserializing...
2021-01-22T19:08:37.329Z 4e29c50a-8ee2-4c7e-ba6b-34bda7160db5 info: HandlerMiddleware: DeserializedParameters={"options":{"requestId":"3b0c7370-5ce5-11eb-984b-6346a216de83","leaseAccessConditions":{}},"restype":"container","version":"2018-03-28"}
2021-01-22T19:08:37.330Z 4e29c50a-8ee2-4c7e-ba6b-34bda7160db5 error: ErrorMiddleware: Received a MiddlewareError, fill error information to HTTP response
2021-01-22T19:08:37.330Z 4e29c50a-8ee2-4c7e-ba6b-34bda7160db5 error: ErrorMiddleware: ErrorName=StorageError ErrorMessage=The specified container does not exist.  ErrorHTTPStatusCode=404 ErrorHTTPStatusMessage=The specified container does not exist. ErrorHTTPHeaders={"x-ms-error-code":"ContainerNotFound","x-ms-request-id":"4e29c50a-8ee2-4c7e-ba6b-34bda7160db5"} ErrorHTTPBody="<?xml version=\"1.0\" encoding=\"UTF-8\" standalone=\"yes\"?>\n<Error>\n  <Code>ContainerNotFound</Code>\n  <Message>The specified container does not exist.\nRequestId:4e29c50a-8ee2-4c7e-ba6b-34bda7160db5\nTime:2021-01-22T19:08:37.329Z</Message>\n</Error>" ErrorStack="StorageError: The specified container does not exist.\n    at Function.getContainerNotFound (/opt/azurite/dist/src/blob/errors/StorageErrorFactory.js:14:16)\n    at LokiBlobMetadataStore.getContainerWithLeaseUpdated (/opt/azurite/dist/src/blob/persistence/LokiBlobMetadataStore.js:1943:53)\n    at LokiBlobMetadataStore.getContainerProperties (/opt/azurite/dist/src/blob/persistence/LokiBlobMetadataStore.js:307:32)\n    at ContainerHandler.getProperties (/opt/azurite/dist/src/blob/handlers/ContainerHandler.js:71:62)\n    at ContainerHandler.getPropertiesWithHead (/opt/azurite/dist/src/blob/handlers/ContainerHandler.js:84:21)\n    at /opt/azurite/dist/src/blob/generated/middleware/HandlerMiddlewareFactory.js:58:18\n    at /opt/azurite/dist/src/blob/generated/ExpressMiddlewareFactory.js:77:63\n    at Layer.handle [as handle_request] (/opt/azurite/node_modules/express/lib/router/layer.js:95:5)\n    at trim_prefix (/opt/azurite/node_modules/express/lib/router/index.js:317:13)\n    at /opt/azurite/node_modules/express/lib/router/index.js:284:7"
2021-01-22T19:08:37.330Z 4e29c50a-8ee2-4c7e-ba6b-34bda7160db5 error: ErrorMiddleware: Set HTTP code: 404
2021-01-22T19:08:37.330Z 4e29c50a-8ee2-4c7e-ba6b-34bda7160db5 error: ErrorMiddleware: Set HTTP status message: The specified container does not exist.
2021-01-22T19:08:37.330Z 4e29c50a-8ee2-4c7e-ba6b-34bda7160db5 error: ErrorMiddleware: Set HTTP Header: x-ms-error-code=ContainerNotFound
2021-01-22T19:08:37.330Z 4e29c50a-8ee2-4c7e-ba6b-34bda7160db5 error: ErrorMiddleware: Set HTTP Header: x-ms-request-id=4e29c50a-8ee2-4c7e-ba6b-34bda7160db5
2021-01-22T19:08:37.330Z 4e29c50a-8ee2-4c7e-ba6b-34bda7160db5 error: ErrorMiddleware: Set HTTP body: "<?xml version=\"1.0\" encoding=\"UTF-8\" standalone=\"yes\"?>\n<Error>\n  <Code>ContainerNotFound</Code>\n  <Message>The specified container does not exist.\nRequestId:4e29c50a-8ee2-4c7e-ba6b-34bda7160db5\nTime:2021-01-22T19:08:37.329Z</Message>\n</Error>"
2021-01-22T19:08:37.330Z 4e29c50a-8ee2-4c7e-ba6b-34bda7160db5 info: EndMiddleware: End response. TotalTimeInMS=10 StatusCode=404 StatusMessage=The specified container does not exist. Headers={"server":"Azurite-Blob/3.10.0","x-ms-error-code":"ContainerNotFound","x-ms-request-id":"4e29c50a-8ee2-4c7e-ba6b-34bda7160db5"}
2021-01-22T19:08:37.344Z 371c5e8d-167c-448a-9ef0-248a5b4f8e22 info: BlobStorageContextMiddleware: RequestMethod=PUT RequestURL=http://azurite/devstoreaccount1/container?restype=container RequestHeaders:{"x-ms-client-request-id":"3b0c7370-5ce5-11eb-984b-6346a216de83","user-agent":"Azure-Storage/2.10.3 (NODE-VERSION v14.15.4; Linux 4.19.121-linuxkit)","x-ms-version":"2018-03-28","x-ms-date":"Fri, 22 Jan 2021 19:08:37 GMT","accept":"application/atom+xml,application/xml","accept-charset":"UTF-8","content-type":"","content-length":"0","authorization":"SharedKey devstoreaccount1:x2wZyF4vtnVmWDh1PTYGBsYKVYeDOLsS3aKTzMtX/GA=","host":"azurite:10000","connection":"keep-alive"} ClientIP=172.19.0.3 Protocol=http HTTPVersion=1.1
2021-01-22T19:08:37.345Z 371c5e8d-167c-448a-9ef0-248a5b4f8e22 info: BlobStorageContextMiddleware: Account=devstoreaccount1 Container=container Blob=
2021-01-22T19:08:37.345Z 371c5e8d-167c-448a-9ef0-248a5b4f8e22 verbose: DispatchMiddleware: Dispatching request...
2021-01-22T19:08:37.346Z 371c5e8d-167c-448a-9ef0-248a5b4f8e22 info: DispatchMiddleware: Operation=Container_Create
2021-01-22T19:08:37.346Z 371c5e8d-167c-448a-9ef0-248a5b4f8e22 verbose: AuthenticationMiddlewareFactory:createAuthenticationMiddleware() Validating authentications.
2021-01-22T19:08:37.346Z 371c5e8d-167c-448a-9ef0-248a5b4f8e22 info: PublicAccessAuthenticator:validate() Start validation against public access.
2021-01-22T19:08:37.346Z 371c5e8d-167c-448a-9ef0-248a5b4f8e22 debug: PublicAccessAuthenticator:validate() Getting account properties...
2021-01-22T19:08:37.346Z 371c5e8d-167c-448a-9ef0-248a5b4f8e22 debug: PublicAccessAuthenticator:validate() Retrieved account name from context: devstoreaccount1, container: container, blob: 
2021-01-22T19:08:37.346Z 371c5e8d-167c-448a-9ef0-248a5b4f8e22 debug: PublicAccessAuthenticator:validate() Skip public access authentication. Cannot get public access type for container container
2021-01-22T19:08:37.346Z 371c5e8d-167c-448a-9ef0-248a5b4f8e22 info: BlobSharedKeyAuthenticator:validate() Start validation against account shared key authentication.
2021-01-22T19:08:37.346Z 371c5e8d-167c-448a-9ef0-248a5b4f8e22 info: BlobSharedKeyAuthenticator:validate() [STRING TO SIGN]:"PUT\n\n\n\n\n\n\n\n\n\n\n\nx-ms-client-request-id:3b0c7370-5ce5-11eb-984b-6346a216de83\nx-ms-date:Fri, 22 Jan 2021 19:08:37 GMT\nx-ms-version:2018-03-28\n/devstoreaccount1/devstoreaccount1/container\nrestype:container"
2021-01-22T19:08:37.346Z 371c5e8d-167c-448a-9ef0-248a5b4f8e22 info: BlobSharedKeyAuthenticator:validate() Calculated authentication header based on key1: SharedKey devstoreaccount1:x2wZyF4vtnVmWDh1PTYGBsYKVYeDOLsS3aKTzMtX/GA=
2021-01-22T19:08:37.346Z 371c5e8d-167c-448a-9ef0-248a5b4f8e22 info: BlobSharedKeyAuthenticator:validate() Signature 1 matched.
2021-01-22T19:08:37.347Z 371c5e8d-167c-448a-9ef0-248a5b4f8e22 verbose: DeserializerMiddleware: Start deserializing...
2021-01-22T19:08:37.347Z 371c5e8d-167c-448a-9ef0-248a5b4f8e22 info: HandlerMiddleware: DeserializedParameters={"options":{"metadata":{},"requestId":"3b0c7370-5ce5-11eb-984b-6346a216de83"},"restype":"container","version":"2018-03-28"}
2021-01-22T19:08:37.348Z 371c5e8d-167c-448a-9ef0-248a5b4f8e22 verbose: SerializerMiddleware: Start serializing...
2021-01-22T19:08:37.348Z 371c5e8d-167c-448a-9ef0-248a5b4f8e22 info: EndMiddleware: End response. TotalTimeInMS=4 StatusCode=201 StatusMessage=undefined Headers={"server":"Azurite-Blob/3.10.0","etag":"\"0x19F77349D540E20\"","last-modified":"Fri, 22 Jan 2021 19:08:37 GMT","x-ms-client-request-id":"3b0c7370-5ce5-11eb-984b-6346a216de83","x-ms-request-id":"371c5e8d-167c-448a-9ef0-248a5b4f8e22","x-ms-version":"2020-04-08"}
2021-01-22T19:08:37.359Z 6ac61d95-1fec-4ad1-ac2c-86965b2a1324 info: BlobStorageContextMiddleware: RequestMethod=PUT RequestURL=http://azurite/devstoreaccount1/container/new_file?st=2021-01-22T19%3A08%3A37Z&se=2021-01-25T19%3A08%3A37Z&sp=w&sv=2018-03-28&sr=b&sig=4Huuy8OybOlo4F94cPni1kzinsbFTFY7VMF1524iuag%3D&comp=block&blockId=ZmVhODBmMmRiMDAzZDRlYmM0NTM2MDIzODE0YWE4ODUtMDAwMDAx RequestHeaders:{"x-ms-blob-type":"BlockBlob","x-ms-date":"Fri, 22 Jan 2021 19:08:37 GMT","content-length":"26","content-md5":"/qgPLbAD1OvEU2AjgUqohQ==","host":"azurite:10000","connection":"close"} ClientIP=172.19.0.3 Protocol=http HTTPVersion=1.1
2021-01-22T19:08:37.360Z 6ac61d95-1fec-4ad1-ac2c-86965b2a1324 info: BlobStorageContextMiddleware: Account=devstoreaccount1 Container=container Blob=new_file
2021-01-22T19:08:37.360Z 6ac61d95-1fec-4ad1-ac2c-86965b2a1324 verbose: DispatchMiddleware: Dispatching request...
2021-01-22T19:08:37.361Z 6ac61d95-1fec-4ad1-ac2c-86965b2a1324 info: DispatchMiddleware: Operation=BlockBlob_Upload
2021-01-22T19:08:37.362Z 6ac61d95-1fec-4ad1-ac2c-86965b2a1324 verbose: AuthenticationMiddlewareFactory:createAuthenticationMiddleware() Validating authentications.
2021-01-22T19:08:37.362Z 6ac61d95-1fec-4ad1-ac2c-86965b2a1324 info: PublicAccessAuthenticator:validate() Start validation against public access.
2021-01-22T19:08:37.362Z 6ac61d95-1fec-4ad1-ac2c-86965b2a1324 debug: PublicAccessAuthenticator:validate() Getting account properties...
2021-01-22T19:08:37.362Z 6ac61d95-1fec-4ad1-ac2c-86965b2a1324 debug: PublicAccessAuthenticator:validate() Retrieved account name from context: devstoreaccount1, container: container, blob: new_file
2021-01-22T19:08:37.363Z 6ac61d95-1fec-4ad1-ac2c-86965b2a1324 debug: PublicAccessAuthenticator:validate() Skip public access authentication. Cannot get public access type for container container
2021-01-22T19:08:37.363Z 6ac61d95-1fec-4ad1-ac2c-86965b2a1324 info: BlobSharedKeyAuthenticator:validate() Start validation against account shared key authentication.
2021-01-22T19:08:37.363Z 6ac61d95-1fec-4ad1-ac2c-86965b2a1324 info: BlobSharedKeyAuthenticator:validate() Request doesn't include valid authentication header. Skip shared key authentication.
2021-01-22T19:08:37.363Z 6ac61d95-1fec-4ad1-ac2c-86965b2a1324 info: AccountSASAuthenticator:validate() Start validation against account Shared Access Signature pattern.
2021-01-22T19:08:37.363Z 6ac61d95-1fec-4ad1-ac2c-86965b2a1324 debug: AccountSASAuthenticator:validate() Getting account properties...
2021-01-22T19:08:37.363Z 6ac61d95-1fec-4ad1-ac2c-86965b2a1324 debug: AccountSASAuthenticator:validate() Retrieved account name from context: devstoreaccount1, container: container, blob: new_file
2021-01-22T19:08:37.363Z 6ac61d95-1fec-4ad1-ac2c-86965b2a1324 debug: AccountSASAuthenticator:validate() Got account properties successfully.
2021-01-22T19:08:37.363Z 6ac61d95-1fec-4ad1-ac2c-86965b2a1324 debug: AccountSASAuthenticator:validate() Retrieved signature from URL parameter sig: 4Huuy8OybOlo4F94cPni1kzinsbFTFY7VMF1524iuag=
2021-01-22T19:08:37.363Z 6ac61d95-1fec-4ad1-ac2c-86965b2a1324 info: AccountSASAuthenticator:validate() Failed to get valid account SAS values from request.
2021-01-22T19:08:37.364Z 6ac61d95-1fec-4ad1-ac2c-86965b2a1324 info: BlobSASAuthenticator:validate() Start validation against blob service Shared Access Signature pattern.
2021-01-22T19:08:37.364Z 6ac61d95-1fec-4ad1-ac2c-86965b2a1324 debug: BlobSASAuthenticator:validate() Getting account properties...
2021-01-22T19:08:37.364Z 6ac61d95-1fec-4ad1-ac2c-86965b2a1324 debug: BlobSASAuthenticator:validate() Retrieved account name from context: devstoreaccount1, container: container, blob: new_file
2021-01-22T19:08:37.364Z 6ac61d95-1fec-4ad1-ac2c-86965b2a1324 debug: BlobSASAuthenticator:validate() Got account properties successfully.
2021-01-22T19:08:37.364Z 6ac61d95-1fec-4ad1-ac2c-86965b2a1324 debug: BlobSASAuthenticator:validate() Retrieved signature from URL parameter sig: 4Huuy8OybOlo4F94cPni1kzinsbFTFY7VMF1524iuag=
2021-01-22T19:08:37.364Z 6ac61d95-1fec-4ad1-ac2c-86965b2a1324 debug: BlobSASAuthenticator:validate() Signed resource type is b.
2021-01-22T19:08:37.364Z 6ac61d95-1fec-4ad1-ac2c-86965b2a1324 debug: BlobSASAuthenticator:validate() Successfully got valid blob service SAS values from request. {"version":"2018-03-28","startTime":"2021-01-22T19:08:37Z","expiryTime":"2021-01-25T19:08:37Z","permissions":"w","containerName":"container","blobName":"new_file","signedResource":"b"}
2021-01-22T19:08:37.364Z 6ac61d95-1fec-4ad1-ac2c-86965b2a1324 info: BlobSASAuthenticator:validate() Validate signature based account key1.
2021-01-22T19:08:37.364Z 6ac61d95-1fec-4ad1-ac2c-86965b2a1324 debug: BlobSASAuthenticator:validate() String to sign is: "w\n2021-01-22T19:08:37Z\n2021-01-25T19:08:37Z\n/blob/devstoreaccount1/container/new_file\n\n\n\n2018-03-28\n\n\n\n\n"
2021-01-22T19:08:37.364Z 6ac61d95-1fec-4ad1-ac2c-86965b2a1324 debug: BlobSASAuthenticator:validate() Calculated signature is: 4Huuy8OybOlo4F94cPni1kzinsbFTFY7VMF1524iuag=
2021-01-22T19:08:37.364Z 6ac61d95-1fec-4ad1-ac2c-86965b2a1324 info: BlobSASAuthenticator:validate() Signature based on key1 validation passed.
2021-01-22T19:08:37.365Z 6ac61d95-1fec-4ad1-ac2c-86965b2a1324 info: BlobSASAuthenticator:validate() Validate start and expiry time.
2021-01-22T19:08:37.365Z 6ac61d95-1fec-4ad1-ac2c-86965b2a1324 info: BlobSASAuthenticator:validate() Validate IP range.
2021-01-22T19:08:37.365Z 6ac61d95-1fec-4ad1-ac2c-86965b2a1324 info: BlobSASAuthenticator:validate() Validate request protocol.
2021-01-22T19:08:37.365Z 6ac61d95-1fec-4ad1-ac2c-86965b2a1324 debug: BlobSASAuthenticator:validate() Got permission requirements for operation BlockBlob_Upload - {"permission":"wc"}
2021-01-22T19:08:37.365Z 6ac61d95-1fec-4ad1-ac2c-86965b2a1324 info: BlobSASAuthenticator:validate() For BlockBlob_Upload, if blob exists, the permission must be Write.
2021-01-22T19:08:37.365Z 6ac61d95-1fec-4ad1-ac2c-86965b2a1324 info: BlobSASAuthenticator:validate() Blob service SAS validation successfully.
2021-01-22T19:08:37.365Z 6ac61d95-1fec-4ad1-ac2c-86965b2a1324 verbose: DeserializerMiddleware: Start deserializing...
2021-01-22T19:08:37.365Z 6ac61d95-1fec-4ad1-ac2c-86965b2a1324 info: HandlerMiddleware: DeserializedParameters={"options":{"metadata":{},"blobHTTPHeaders":{},"leaseAccessConditions":{},"cpkInfo":{},"modifiedAccessConditions":{}},"contentLength":26,"blobType":"BlockBlob","body":"ReadableStream"}
2021-01-22T19:08:37.366Z 6ac61d95-1fec-4ad1-ac2c-86965b2a1324 debug: OperationQueue.operate() Schedule incoming job 96a0df8d-7882-4daf-8235-37a71e34b047
2021-01-22T19:08:37.366Z 6ac61d95-1fec-4ad1-ac2c-86965b2a1324 debug: OperationQueue:execute() Current runningConcurrency:0 maxConcurrency:50 operations.length:1
2021-01-22T19:08:37.366Z 6ac61d95-1fec-4ad1-ac2c-86965b2a1324 info: FSExtentStore:appendExtent() Select extent from idle location for extent append operation. LocationId:1 extentId:899ebcb3-5959-4c0c-a16b-5fe7cc7cbafe offset:0 MAX_EXTENT_SIZE:67108864 
2021-01-22T19:08:37.366Z 6ac61d95-1fec-4ad1-ac2c-86965b2a1324 debug: FSExtentStore:appendExtent() Get fd:undefined for extent:899ebcb3-5959-4c0c-a16b-5fe7cc7cbafe from cache.
2021-01-22T19:08:37.367Z 6ac61d95-1fec-4ad1-ac2c-86965b2a1324 debug: FSExtentStore:appendExtent() Open file:/opt/azurite/__blobstorage__/899ebcb3-5959-4c0c-a16b-5fe7cc7cbafe for extent:899ebcb3-5959-4c0c-a16b-5fe7cc7cbafe, get new fd:22
2021-01-22T19:08:37.367Z 6ac61d95-1fec-4ad1-ac2c-86965b2a1324 debug: FSExtentStore:appendExtent() Created write stream for fd:22
2021-01-22T19:08:37.367Z 6ac61d95-1fec-4ad1-ac2c-86965b2a1324 debug: FSExtentStore:appendExtent() Start writing to extent 899ebcb3-5959-4c0c-a16b-5fe7cc7cbafe
2021-01-22T19:08:37.367Z 6ac61d95-1fec-4ad1-ac2c-86965b2a1324 debug: FSExtentStore:streamPipe() Start piping data to write stream
2021-01-22T19:08:37.367Z 6ac61d95-1fec-4ad1-ac2c-86965b2a1324 debug: FSExtentStore:streamPipe() Readable stream triggers close event, 26 bytes piped
2021-01-22T19:08:37.368Z 6ac61d95-1fec-4ad1-ac2c-86965b2a1324 debug: FSExtentStore:streamPipe() Invoke write stream end()
2021-01-22T19:08:37.368Z 6ac61d95-1fec-4ad1-ac2c-86965b2a1324 debug: FSExtentStore:streamPipe() Writable stream triggers finish event, after 26 bytes piped. Flush data to fd:22.
2021-01-22T19:08:37.369Z 6ac61d95-1fec-4ad1-ac2c-86965b2a1324 debug: FSExtentStore:streamPipe() Flush data to fd:22 successfully. Resolve streamPipe().
2021-01-22T19:08:37.370Z 6ac61d95-1fec-4ad1-ac2c-86965b2a1324 debug: FSExtentStore:appendExtent() Write finish, start updating extent metadata. extent:{"id":"899ebcb3-5959-4c0c-a16b-5fe7cc7cbafe","locationId":"Default","path":"899ebcb3-5959-4c0c-a16b-5fe7cc7cbafe","size":26,"lastModifiedInMS":1611342517370}
2021-01-22T19:08:37.370Z 6ac61d95-1fec-4ad1-ac2c-86965b2a1324 debug: FSExtentStore:appendExtent() Update extent metadata done. Resolve()
2021-01-22T19:08:37.370Z 6ac61d95-1fec-4ad1-ac2c-86965b2a1324 debug: OperationQueue.operate() Job 96a0df8d-7882-4daf-8235-37a71e34b047 completes callback, resolve.
2021-01-22T19:08:37.370Z 6ac61d95-1fec-4ad1-ac2c-86965b2a1324 debug: OperationQueue.operate() Schedule incoming job f77c30fe-e601-485e-8549-516750ebe41b
2021-01-22T19:08:37.370Z 6ac61d95-1fec-4ad1-ac2c-86965b2a1324 debug: OperationQueue:execute() Current runningConcurrency:0 maxConcurrency:100 operations.length:1
2021-01-22T19:08:37.370Z 6ac61d95-1fec-4ad1-ac2c-86965b2a1324 verbose: FSExtentStore:readExtent() Creating read stream. LocationId:Default extentId:899ebcb3-5959-4c0c-a16b-5fe7cc7cbafe path:/opt/azurite/__blobstorage__/899ebcb3-5959-4c0c-a16b-5fe7cc7cbafe offset:0 count:26 end:25
2021-01-22T19:08:37.371Z 6ac61d95-1fec-4ad1-ac2c-86965b2a1324 debug: OperationQueue.operate() Job f77c30fe-e601-485e-8549-516750ebe41b completes callback, resolve.
2021-01-22T19:08:37.371Z 6ac61d95-1fec-4ad1-ac2c-86965b2a1324 debug: OperationQueue:execute() Current runningConcurrency:0 maxConcurrency:50 operations.length:0
2021-01-22T19:08:37.371Z 6ac61d95-1fec-4ad1-ac2c-86965b2a1324 debug: OperationQueue:execute() return. Operation.length === 0
2021-01-22T19:08:37.371Z 6ac61d95-1fec-4ad1-ac2c-86965b2a1324 debug: OperationQueue:execute() Current runningConcurrency:0 maxConcurrency:100 operations.length:0
2021-01-22T19:08:37.371Z 6ac61d95-1fec-4ad1-ac2c-86965b2a1324 debug: OperationQueue:execute() return. Operation.length === 0
2021-01-22T19:08:37.373Z 6ac61d95-1fec-4ad1-ac2c-86965b2a1324 verbose: SerializerMiddleware: Start serializing...
2021-01-22T19:08:37.374Z 6ac61d95-1fec-4ad1-ac2c-86965b2a1324 info: EndMiddleware: End response. TotalTimeInMS=15 StatusCode=201 StatusMessage=undefined Headers={"server":"Azurite-Blob/3.10.0","etag":"\"0x1B6229D7AE86EE0\"","last-modified":"Fri, 22 Jan 2021 19:08:37 GMT","content-md5":"/qgPLbAD1OvEU2AjgUqohQ==","x-ms-request-id":"6ac61d95-1fec-4ad1-ac2c-86965b2a1324","x-ms-version":"2020-04-08","date":"Fri, 22 Jan 2021 19:08:37 GMT","x-ms-request-server-encrypted":"true"}
2021-01-22T19:08:37.374Z 6ac61d95-1fec-4ad1-ac2c-86965b2a1324 debug: FSExtentStore:streamPipe() Readable stream triggers close event, 26 bytes piped
2021-01-22T19:08:37.375Z 6ac61d95-1fec-4ad1-ac2c-86965b2a1324 verbose: FSExtentStore:readExtent() Read stream closed. LocationId:Default extentId:899ebcb3-5959-4c0c-a16b-5fe7cc7cbafe path:/opt/azurite/__blobstorage__/899ebcb3-5959-4c0c-a16b-5fe7cc7cbafe offset:0 count:26 end:25
2021-01-22T19:08:37.377Z 0d28cc1b-5496-4dbd-87d8-2ef31d04fc1c info: BlobStorageContextMiddleware: RequestMethod=GET RequestURL=http://azurite/devstoreaccount1/container?restype=container&comp=list RequestHeaders:{"x-ms-client-request-id":"3b19e0f0-5ce5-11eb-984b-6346a216de83","user-agent":"Azure-Storage/2.10.3 (NODE-VERSION v14.15.4; Linux 4.19.121-linuxkit)","x-ms-version":"2018-03-28","x-ms-date":"Fri, 22 Jan 2021 19:08:37 GMT","accept":"application/atom+xml,application/xml","accept-charset":"UTF-8","content-type":"","content-length":"0","authorization":"SharedKey devstoreaccount1:ej+b0R3YrjYHnamCsvcjmXQGU4J8x++BuwyvlT89OS8=","host":"azurite:10000","connection":"keep-alive"} ClientIP=172.19.0.3 Protocol=http HTTPVersion=1.1
2021-01-22T19:08:37.377Z 0d28cc1b-5496-4dbd-87d8-2ef31d04fc1c info: BlobStorageContextMiddleware: Account=devstoreaccount1 Container=container Blob=
2021-01-22T19:08:37.378Z 0d28cc1b-5496-4dbd-87d8-2ef31d04fc1c verbose: DispatchMiddleware: Dispatching request...
2021-01-22T19:08:37.378Z 0d28cc1b-5496-4dbd-87d8-2ef31d04fc1c info: DispatchMiddleware: Operation=Container_ListBlobFlatSegment
2021-01-22T19:08:37.378Z 0d28cc1b-5496-4dbd-87d8-2ef31d04fc1c verbose: AuthenticationMiddlewareFactory:createAuthenticationMiddleware() Validating authentications.
2021-01-22T19:08:37.378Z 0d28cc1b-5496-4dbd-87d8-2ef31d04fc1c info: PublicAccessAuthenticator:validate() Start validation against public access.
2021-01-22T19:08:37.378Z 0d28cc1b-5496-4dbd-87d8-2ef31d04fc1c debug: PublicAccessAuthenticator:validate() Getting account properties...
2021-01-22T19:08:37.378Z 0d28cc1b-5496-4dbd-87d8-2ef31d04fc1c debug: PublicAccessAuthenticator:validate() Retrieved account name from context: devstoreaccount1, container: container, blob: 
2021-01-22T19:08:37.378Z 0d28cc1b-5496-4dbd-87d8-2ef31d04fc1c debug: PublicAccessAuthenticator:validate() Skip public access authentication. Cannot get public access type for container container
2021-01-22T19:08:37.378Z 0d28cc1b-5496-4dbd-87d8-2ef31d04fc1c info: BlobSharedKeyAuthenticator:validate() Start validation against account shared key authentication.
2021-01-22T19:08:37.379Z 0d28cc1b-5496-4dbd-87d8-2ef31d04fc1c info: BlobSharedKeyAuthenticator:validate() [STRING TO SIGN]:"GET\n\n\n\n\n\n\n\n\n\n\n\nx-ms-client-request-id:3b19e0f0-5ce5-11eb-984b-6346a216de83\nx-ms-date:Fri, 22 Jan 2021 19:08:37 GMT\nx-ms-version:2018-03-28\n/devstoreaccount1/devstoreaccount1/container\ncomp:list\nrestype:container"
2021-01-22T19:08:37.379Z 0d28cc1b-5496-4dbd-87d8-2ef31d04fc1c info: BlobSharedKeyAuthenticator:validate() Calculated authentication header based on key1: SharedKey devstoreaccount1:ej+b0R3YrjYHnamCsvcjmXQGU4J8x++BuwyvlT89OS8=
2021-01-22T19:08:37.379Z 0d28cc1b-5496-4dbd-87d8-2ef31d04fc1c info: BlobSharedKeyAuthenticator:validate() Signature 1 matched.
2021-01-22T19:08:37.379Z 0d28cc1b-5496-4dbd-87d8-2ef31d04fc1c verbose: DeserializerMiddleware: Start deserializing...
2021-01-22T19:08:37.379Z 0d28cc1b-5496-4dbd-87d8-2ef31d04fc1c info: HandlerMiddleware: DeserializedParameters={"options":{"include":[],"requestId":"3b19e0f0-5ce5-11eb-984b-6346a216de83"},"restype":"container","comp":"list","version":"2018-03-28"}
2021-01-22T19:08:37.380Z 0d28cc1b-5496-4dbd-87d8-2ef31d04fc1c verbose: SerializerMiddleware: Start serializing...
2021-01-22T19:08:37.381Z 0d28cc1b-5496-4dbd-87d8-2ef31d04fc1c debug: Serializer: Raw response body string is <?xml version="1.0" encoding="UTF-8" standalone="yes"?><EnumerationResults ServiceEndpoint="http://azurite:10000/devstoreaccount1" ContainerName="container"><Prefix/><Marker/><MaxResults>5000</MaxResults><Delimiter/><Blobs><Blob><Name>new_file</Name><Snapshot/><Properties><Creation-Time>Fri, 22 Jan 2021 19:08:37 GMT</Creation-Time><Last-Modified>Fri, 22 Jan 2021 19:08:37 GMT</Last-Modified><Etag>0x1B6229D7AE86EE0</Etag><Content-Length>26</Content-Length><Content-Type>application/octet-stream</Content-Type><Content-MD5>/qgPLbAD1OvEU2AjgUqohQ==</Content-MD5><BlobType>BlockBlob</BlobType><LeaseStatus>unlocked</LeaseStatus><LeaseState>available</LeaseState><ServerEncrypted>true</ServerEncrypted><AccessTier>Hot</AccessTier><AccessTierInferred>true</AccessTierInferred><AccessTierChangeTime>Fri, 22 Jan 2021 19:08:37 GMT</AccessTierChangeTime></Properties></Blob></Blobs><NextMarker/></EnumerationResults>
2021-01-22T19:08:37.381Z 0d28cc1b-5496-4dbd-87d8-2ef31d04fc1c info: Serializer: Start returning stream body.
2021-01-22T19:08:37.382Z 0d28cc1b-5496-4dbd-87d8-2ef31d04fc1c info: EndMiddleware: End response. TotalTimeInMS=5 StatusCode=200 StatusMessage=OK Headers={"server":"Azurite-Blob/3.10.0","content-type":"application/xml","x-ms-client-request-id":"3b19e0f0-5ce5-11eb-984b-6346a216de83","x-ms-request-id":"0d28cc1b-5496-4dbd-87d8-2ef31d04fc1c","x-ms-version":"2020-04-08","date":"Fri, 22 Jan 2021 19:08:37 GMT"}
2021-01-22T19:08:37.389Z f4d9371d-eeba-4dc4-b1dc-3d7563cd60b1 info: BlobStorageContextMiddleware: RequestMethod=GET RequestURL=http://azurite/devstoreaccount1/container/new_file?comp=blocklist&blocklisttype=all RequestHeaders:{"x-ms-client-request-id":"3b1bb5b0-5ce5-11eb-984b-6346a216de83","user-agent":"Azure-Storage/2.10.3 (NODE-VERSION v14.15.4; Linux 4.19.121-linuxkit)","x-ms-version":"2018-03-28","x-ms-date":"Fri, 22 Jan 2021 19:08:37 GMT","accept":"application/atom+xml,application/xml","accept-charset":"UTF-8","content-type":"","content-length":"0","authorization":"SharedKey devstoreaccount1:upCaiSDIhs4UTiJXGtYseMU9u75MV0d37o0hPA45p04=","host":"azurite:10000","connection":"keep-alive"} ClientIP=172.19.0.3 Protocol=http HTTPVersion=1.1
2021-01-22T19:08:37.390Z f4d9371d-eeba-4dc4-b1dc-3d7563cd60b1 info: BlobStorageContextMiddleware: Account=devstoreaccount1 Container=container Blob=new_file
2021-01-22T19:08:37.390Z f4d9371d-eeba-4dc4-b1dc-3d7563cd60b1 verbose: DispatchMiddleware: Dispatching request...
2021-01-22T19:08:37.390Z f4d9371d-eeba-4dc4-b1dc-3d7563cd60b1 info: DispatchMiddleware: Operation=BlockBlob_GetBlockList
2021-01-22T19:08:37.390Z f4d9371d-eeba-4dc4-b1dc-3d7563cd60b1 verbose: AuthenticationMiddlewareFactory:createAuthenticationMiddleware() Validating authentications.
2021-01-22T19:08:37.390Z f4d9371d-eeba-4dc4-b1dc-3d7563cd60b1 info: PublicAccessAuthenticator:validate() Start validation against public access.
2021-01-22T19:08:37.390Z f4d9371d-eeba-4dc4-b1dc-3d7563cd60b1 debug: PublicAccessAuthenticator:validate() Getting account properties...
2021-01-22T19:08:37.390Z f4d9371d-eeba-4dc4-b1dc-3d7563cd60b1 debug: PublicAccessAuthenticator:validate() Retrieved account name from context: devstoreaccount1, container: container, blob: new_file
2021-01-22T19:08:37.390Z f4d9371d-eeba-4dc4-b1dc-3d7563cd60b1 debug: PublicAccessAuthenticator:validate() Skip public access authentication. Cannot get public access type for container container
2021-01-22T19:08:37.390Z f4d9371d-eeba-4dc4-b1dc-3d7563cd60b1 info: BlobSharedKeyAuthenticator:validate() Start validation against account shared key authentication.
2021-01-22T19:08:37.391Z f4d9371d-eeba-4dc4-b1dc-3d7563cd60b1 info: BlobSharedKeyAuthenticator:validate() [STRING TO SIGN]:"GET\n\n\n\n\n\n\n\n\n\n\n\nx-ms-client-request-id:3b1bb5b0-5ce5-11eb-984b-6346a216de83\nx-ms-date:Fri, 22 Jan 2021 19:08:37 GMT\nx-ms-version:2018-03-28\n/devstoreaccount1/devstoreaccount1/container/new_file\nblocklisttype:all\ncomp:blocklist"
2021-01-22T19:08:37.391Z f4d9371d-eeba-4dc4-b1dc-3d7563cd60b1 info: BlobSharedKeyAuthenticator:validate() Calculated authentication header based on key1: SharedKey devstoreaccount1:upCaiSDIhs4UTiJXGtYseMU9u75MV0d37o0hPA45p04=
2021-01-22T19:08:37.391Z f4d9371d-eeba-4dc4-b1dc-3d7563cd60b1 info: BlobSharedKeyAuthenticator:validate() Signature 1 matched.
2021-01-22T19:08:37.391Z f4d9371d-eeba-4dc4-b1dc-3d7563cd60b1 verbose: DeserializerMiddleware: Start deserializing...
2021-01-22T19:08:37.391Z f4d9371d-eeba-4dc4-b1dc-3d7563cd60b1 info: HandlerMiddleware: DeserializedParameters={"options":{"listType":"all","requestId":"3b1bb5b0-5ce5-11eb-984b-6346a216de83","leaseAccessConditions":{}},"comp":"blocklist","version":"2018-03-28"}
2021-01-22T19:08:37.391Z f4d9371d-eeba-4dc4-b1dc-3d7563cd60b1 verbose: SerializerMiddleware: Start serializing...
2021-01-22T19:08:37.392Z f4d9371d-eeba-4dc4-b1dc-3d7563cd60b1 debug: Serializer: Raw response body string is <?xml version="1.0" encoding="UTF-8" standalone="yes"?><BlockList><CommittedBlocks/><UncommittedBlocks/></BlockList>
2021-01-22T19:08:37.392Z f4d9371d-eeba-4dc4-b1dc-3d7563cd60b1 info: Serializer: Start returning stream body.
2021-01-22T19:08:37.392Z f4d9371d-eeba-4dc4-b1dc-3d7563cd60b1 info: EndMiddleware: End response. TotalTimeInMS=3 StatusCode=200 StatusMessage=OK Headers={"server":"Azurite-Blob/3.10.0","last-modified":"Fri, 22 Jan 2021 19:08:37 GMT","etag":"\"0x1B6229D7AE86EE0\"","content-type":"application/xml","x-ms-blob-content-length":"26","x-ms-client-request-id":"3b1bb5b0-5ce5-11eb-984b-6346a216de83","x-ms-request-id":"f4d9371d-eeba-4dc4-b1dc-3d7563cd60b1","x-ms-version":"2020-04-08","date":"Fri, 22 Jan 2021 19:08:37 GMT"}
2021-01-22T19:09:37.102Z 	 info: AccountDataStore:init() Refresh accounts from environment variable AZURITE_ACCOUNTS with value undefined
2021-01-22T19:09:37.103Z 	 info: AccountDataStore:init() Fallback to default emulator account devstoreaccount1.
2021-01-22T19:10:37.108Z 	 info: AccountDataStore:init() Refresh accounts from environment variable AZURITE_ACCOUNTS with value undefined
2021-01-22T19:10:37.109Z 	 info: AccountDataStore:init() Fallback to default emulator account devstoreaccount1.
2021-01-22T19:11:37.115Z 	 info: AccountDataStore:init() Refresh accounts from environment variable AZURITE_ACCOUNTS with value undefined
2021-01-22T19:11:37.116Z 	 info: AccountDataStore:init() Fallback to default emulator account devstoreaccount1.
